{"level":"info","message":"✓ Database terhubung untuk seeding","service":"kontrakan-api","timestamp":"2026-02-05T02:10:57.081Z"}
{"level":"info","message":"✓ Admin user berhasil dibuat","service":"kontrakan-api","timestamp":"2026-02-05T02:10:57.199Z"}
{"level":"info","message":"Email: admin","service":"kontrakan-api","timestamp":"2026-02-05T02:10:57.200Z"}
{"level":"info","message":"Password: apalah123","service":"kontrakan-api","timestamp":"2026-02-05T02:10:57.200Z"}
{"level":"info","message":"Database connection closed","service":"kontrakan-api","timestamp":"2026-02-05T02:10:57.211Z"}
{"level":"info","message":"✓ Database terhubung untuk seeding","service":"kontrakan-api","timestamp":"2026-02-05T02:12:57.435Z"}
{"level":"info","message":"✓ Admin user berhasil dibuat","service":"kontrakan-api","timestamp":"2026-02-05T02:12:57.539Z"}
{"level":"info","message":"Email: admin","service":"kontrakan-api","timestamp":"2026-02-05T02:12:57.540Z"}
{"level":"info","message":"Password: apalah123","service":"kontrakan-api","timestamp":"2026-02-05T02:12:57.540Z"}
{"level":"info","message":"Database connection closed","service":"kontrakan-api","timestamp":"2026-02-05T02:12:57.543Z"}
{"level":"info","message":"✓ Database terhubung untuk seeding","service":"kontrakan-api","timestamp":"2026-02-11T16:09:10.604Z"}
{"level":"info","message":"Admin user sudah ada","service":"kontrakan-api","timestamp":"2026-02-11T16:09:10.681Z"}
{"level":"info","message":"Database connection closed","service":"kontrakan-api","timestamp":"2026-02-11T16:09:10.687Z"}
{"level":"info","message":"✓ Database terhubung untuk seeding","service":"kontrakan-api","timestamp":"2026-02-11T16:09:28.633Z"}
{"level":"info","message":"✓ Admin user password diperbarui","service":"kontrakan-api","timestamp":"2026-02-11T16:09:28.771Z"}
{"level":"info","message":"Email: admin","service":"kontrakan-api","timestamp":"2026-02-11T16:09:28.772Z"}
{"level":"info","message":"Password: bismillah","service":"kontrakan-api","timestamp":"2026-02-11T16:09:28.772Z"}
{"level":"info","message":"Database connection closed","service":"kontrakan-api","timestamp":"2026-02-11T16:09:28.777Z"}
{"level":"info","message":"✓ Server berjalan di http://localhost:5000","service":"kontrakan-api","timestamp":"2026-02-12T01:01:12.658Z"}
{"level":"info","message":"✓ Environment: development","service":"kontrakan-api","timestamp":"2026-02-12T01:01:12.661Z"}
{"level":"info","message":"✓ API Endpoints:","service":"kontrakan-api","timestamp":"2026-02-12T01:01:12.662Z"}
{"level":"info","message":"  - Auth: http://localhost:5000/api/auth","service":"kontrakan-api","timestamp":"2026-02-12T01:01:12.662Z"}
{"level":"info","message":"  - Kontrakan: http://localhost:5000/api/kontrakan","service":"kontrakan-api","timestamp":"2026-02-12T01:01:12.662Z"}
{"level":"info","message":"  - Penyewa: http://localhost:5000/api/penyewa","service":"kontrakan-api","timestamp":"2026-02-12T01:01:12.663Z"}
{"level":"info","message":"  - Pembayaran: http://localhost:5000/api/pembayaran","service":"kontrakan-api","timestamp":"2026-02-12T01:01:12.663Z"}
{"level":"info","message":"✓ Database terhubung","service":"kontrakan-api","timestamp":"2026-02-12T01:01:12.682Z"}
{"level":"info","message":"SIGINT signal received: closing HTTP server","service":"kontrakan-api","timestamp":"2026-02-12T01:01:28.049Z"}
{"level":"info","message":"✓ Database terhubung untuk seeding","service":"kontrakan-api","timestamp":"2026-02-12T01:08:22.178Z"}
{"level":"info","message":"✓ Admin user password diperbarui","service":"kontrakan-api","timestamp":"2026-02-12T01:08:22.300Z"}
{"level":"info","message":"Email: admin","service":"kontrakan-api","timestamp":"2026-02-12T01:08:22.300Z"}
{"level":"info","message":"Password: admin","service":"kontrakan-api","timestamp":"2026-02-12T01:08:22.301Z"}
{"level":"info","message":"Database connection closed","service":"kontrakan-api","timestamp":"2026-02-12T01:08:22.306Z"}
